INFO:root:
INFO:root:
INFO:root:
INFO:root:
INFO:root:
INFO:root:
INFO:root:
INFO:root:
INFO:root:
INFO:root:
INFO:root:
INFO:root:
INFO:root:b'\xc4\xa3\xc4\xe2\xc1\xac\xbd\xd3kafka\xb2\xa2\xc7\xd2\xca\xe4\xb3\xf6 1000 \xb8\xf6\xca\xfd\xd7\xd6\r\ncurrent is :0\r\ncurrent is :1\r\ncurrent is :2\r\ncurrent is :3\r\ncurrent is :4\r\ncurrent is :5\r\ncurrent is :6\r\ncurrent is :7\r\ncurrent is :8\r\ncurrent is :9\r\ncurrent is :10\r\ncurrent is :11\r\ncurrent is :12\r\ncurrent is :13\r\ncurrent is :14\r\ncurrent is :15\r\ncurrent is :16\r\ncurrent is :17\r\ncurrent is :18\r\ncurrent is :19\r\ncurrent is :20\r\ncurrent is :21\r\ncurrent is :22\r\ncurrent is :23\r\ncurrent is :24\r\ncurrent is :25\r\ncurrent is :26\r\ncurrent is :27\r\ncurrent is :28\r\ncurrent is :29\r\ncurrent is :30\r\ncurrent is :31\r\ncurrent is :32\r\ncurrent is :33\r\ncurrent is :34\r\ncurrent is :35\r\ncurrent is :36\r\ncurrent is :37\r\ncurrent is :38\r\ncurrent is :39\r\ncurrent is :40\r\ncurrent is :41\r\ncurrent is :42\r\ncurrent is :43\r\ncurrent is :44\r\ncurrent is :45\r\ncurrent is :46\r\ncurrent is :47\r\ncurrent is :48\r\ncurrent is :49\r\ncurrent is :50\r\ncurrent is :51\r\ncurrent is :52\r\ncurrent is :53\r\ncurrent is :54\r\ncurrent is :55\r\ncurrent is :56\r\ncurrent is :57\r\ncurrent is :58\r\ncurrent is :59\r\ncurrent is :60\r\ncurrent is :61\r\ncurrent is :62\r\ncurrent is :63\r\ncurrent is :64\r\ncurrent is :65\r\ncurrent is :66\r\ncurrent is :67\r\ncurrent is :68\r\ncurrent is :69\r\ncurrent is :70\r\ncurrent is :71\r\ncurrent is :72\r\ncurrent is :73\r\ncurrent is :74\r\ncurrent is :75\r\ncurrent is :76\r\ncurrent is :77\r\ncurrent is :78\r\ncurrent is :79\r\ncurrent is :80\r\ncurrent is :81\r\ncurrent is :82\r\ncurrent is :83\r\ncurrent is :84\r\ncurrent is :85\r\ncurrent is :86\r\ncurrent is :87\r\ncurrent is :88\r\ncurrent is :89\r\ncurrent is :90\r\ncurrent is :91\r\ncurrent is :92\r\ncurrent is :93\r\ncurrent is :94\r\ncurrent is :95\r\ncurrent is :96\r\ncurrent is :97\r\ncurrent is :98\r\ncurrent is :99\r\ncurrent is :100\r\ncurrent is :101\r\ncurrent is :102\r\ncurrent is :103\r\ncurrent is :104\r\ncurrent is :105\r\ncurrent is :106\r\ncurrent is :107\r\ncurrent is :108\r\ncurrent is :109\r\ncurrent is :110\r\ncurrent is :111\r\ncurrent is :112\r\ncurrent is :113\r\ncurrent is :114\r\ncurrent is :115\r\ncurrent is :116\r\ncurrent is :117\r\ncurrent is :118\r\ncurrent is :119\r\ncurrent is :120\r\ncurrent is :121\r\ncurrent is :122\r\ncurrent is :123\r\ncurrent is :124\r\ncurrent is :125\r\ncurrent is :126\r\ncurrent is :127\r\ncurrent is :128\r\ncurrent is :129\r\ncurrent is :130\r\ncurrent is :131\r\ncurrent is :132\r\ncurrent is :133\r\ncurrent is :134\r\ncurrent is :135\r\ncurrent is :136\r\ncurrent is :137\r\ncurrent is :138\r\ncurrent is :139\r\ncurrent is :140\r\ncurrent is :141\r\ncurrent is :142\r\ncurrent is :143\r\ncurrent is :144\r\ncurrent is :145\r\ncurrent is :146\r\ncurrent is :147\r\ncurrent is :148\r\ncurrent is :149\r\ncurrent is :150\r\ncurrent is :151\r\ncurrent is :152\r\ncurrent is :153\r\ncurrent is :154\r\ncurrent is :155\r\ncurrent is :156\r\ncurrent is :157\r\ncurrent is :158\r\ncurrent is :159\r\ncurrent is :160\r\ncurrent is :161\r\ncurrent is :162\r\ncurrent is :163\r\ncurrent is :164\r\ncurrent is :165\r\ncurrent is :166\r\ncurrent is :167\r\ncurrent is :168\r\ncurrent is :169\r\ncurrent is :170\r\ncurrent is :171\r\ncurrent is :172\r\ncurrent is :173\r\ncurrent is :174\r\ncurrent is :175\r\ncurrent is :176\r\ncurrent is :177\r\ncurrent is :178\r\ncurrent is :179\r\ncurrent is :180\r\ncurrent is :181\r\ncurrent is :182\r\ncurrent is :183\r\ncurrent is :184\r\ncurrent is :185\r\ncurrent is :186\r\ncurrent is :187\r\ncurrent is :188\r\ncurrent is :189\r\ncurrent is :190\r\ncurrent is :191\r\ncurrent is :192\r\ncurrent is :193\r\ncurrent is :194\r\ncurrent is :195\r\ncurrent is :196\r\ncurrent is :197\r\ncurrent is :198\r\ncurrent is :199\r\ncurrent is :200\r\ncurrent is :201\r\ncurrent is :202\r\ncurrent is :203\r\ncurrent is :204\r\ncurrent is :205\r\ncurrent is :206\r\ncurrent is :207\r\ncurrent is :208\r\ncurrent is :209\r\ncurrent is :210\r\ncurrent is :211\r\ncurrent is :212\r\ncurrent is :213\r\ncurrent is :214\r\ncurrent is :215\r\ncurrent is :216\r\ncurrent is :217\r\ncurrent is :218\r\ncurrent is :219\r\ncurrent is :220\r\ncurrent is :221\r\ncurrent is :222\r\ncurrent is :223\r\ncurrent is :224\r\ncurrent is :225\r\ncurrent is :226\r\ncurrent is :227\r\ncurrent is :228\r\ncurrent is :229\r\ncurrent is :230\r\ncurrent is :231\r\ncurrent is :232\r\ncurrent is :233\r\ncurrent is :234\r\ncurrent is :235\r\ncurrent is :236\r\ncurrent is :237\r\ncurrent is :238\r\ncurrent is :239\r\ncurrent is :240\r\ncurrent is :241\r\ncurrent is :242\r\ncurrent is :243\r\ncurrent is :244\r\ncurrent is :245\r\ncurrent is :246\r\ncurrent is :247\r\ncurrent is :248\r\ncurrent is :249\r\ncurrent is :250\r\ncurrent is :251\r\ncurrent is :252\r\ncurrent is :253\r\ncurrent is :254\r\ncurrent is :255\r\ncurrent is :256\r\ncurrent is :257\r\ncurrent is :258\r\ncurrent is :259\r\ncurrent is :260\r\ncurrent is :261\r\ncurrent is :262\r\ncurrent is :263\r\ncurrent is :264\r\ncurrent is :265\r\ncurrent is :266\r\ncurrent is :267\r\ncurrent is :268\r\ncurrent is :269\r\ncurrent is :270\r\ncurrent is :271\r\ncurrent is :272\r\ncurrent is :273\r\ncurrent is :274\r\ncurrent is :275\r\ncurrent is :276\r\ncurrent is :277\r\ncurrent is :278\r\ncurrent is :279\r\ncurrent is :280\r\ncurrent is :281\r\ncurrent is :282\r\ncurrent is :283\r\ncurrent is :284\r\ncurrent is :285\r\ncurrent is :286\r\ncurrent is :287\r\ncurrent is :288\r\ncurrent is :289\r\ncurrent is :290\r\ncurrent is :291\r\ncurrent is :292\r\ncurrent is :293\r\ncurrent is :294\r\ncurrent is :295\r\ncurrent is :296\r\ncurrent is :297\r\ncurrent is :298\r\ncurrent is :299\r\ncurrent is :300\r\ncurrent is :301\r\ncurrent is :302\r\ncurrent is :303\r\ncurrent is :304\r\ncurrent is :305\r\ncurrent is :306\r\ncurrent is :307\r\ncurrent is :308\r\ncurrent is :309\r\ncurrent is :310\r\ncurrent is :311\r\ncurrent is :312\r\ncurrent is :313\r\ncurrent is :314\r\ncurrent is :315\r\ncurrent is :316\r\ncurrent is :317\r\ncurrent is :318\r\ncurrent is :319\r\ncurrent is :320\r\ncurrent is :321\r\ncurrent is :322\r\ncurrent is :323\r\ncurrent is :324\r\ncurrent is :325\r\ncurrent is :326\r\ncurrent is :327\r\ncurrent is :328\r\ncurrent is :329\r\ncurrent is :330\r\ncurrent is :331\r\ncurrent is :332\r\ncurrent is :333\r\ncurrent is :334\r\ncurrent is :335\r\ncurrent is :336\r\ncurrent is :337\r\ncurrent is :338\r\ncurrent is :339\r\ncurrent is :340\r\ncurrent is :341\r\ncurrent is :342\r\ncurrent is :343\r\ncurrent is :344\r\ncurrent is :345\r\ncurrent is :346\r\ncurrent is :347\r\ncurrent is :348\r\ncurrent is :349\r\ncurrent is :350\r\ncurrent is :351\r\ncurrent is :352\r\ncurrent is :353\r\ncurrent is :354\r\ncurrent is :355\r\ncurrent is :356\r\ncurrent is :357\r\ncurrent is :358\r\ncurrent is :359\r\ncurrent is :360\r\ncurrent is :361\r\ncurrent is :362\r\ncurrent is :363\r\ncurrent is :364\r\ncurrent is :365\r\ncurrent is :366\r\ncurrent is :367\r\ncurrent is :368\r\ncurrent is :369\r\ncurrent is :370\r\ncurrent is :371\r\ncurrent is :372\r\ncurrent is :373\r\ncurrent is :374\r\ncurrent is :375\r\ncurrent is :376\r\ncurrent is :377\r\ncurrent is :378\r\ncurrent is :379\r\ncurrent is :380\r\ncurrent is :381\r\ncurrent is :382\r\ncurrent is :383\r\ncurrent is :384\r\ncurrent is :385\r\ncurrent is :386\r\ncurrent is :387\r\ncurrent is :388\r\ncurrent is :389\r\ncurrent is :390\r\ncurrent is :391\r\ncurrent is :392\r\ncurrent is :393\r\ncurrent is :394\r\ncurrent is :395\r\ncurrent is :396\r\ncurrent is :397\r\ncurrent is :398\r\ncurrent is :399\r\ncurrent is :400\r\ncurrent is :401\r\ncurrent is :402\r\ncurrent is :403\r\ncurrent is :404\r\ncurrent is :405\r\ncurrent is :406\r\ncurrent is :407\r\ncurrent is :408\r\ncurrent is :409\r\ncurrent is :410\r\ncurrent is :411\r\ncurrent is :412\r\ncurrent is :413\r\ncurrent is :414\r\ncurrent is :415\r\ncurrent is :416\r\ncurrent is :417\r\ncurrent is :418\r\ncurrent is :419\r\ncurrent is :420\r\ncurrent is :421\r\ncurrent is :422\r\ncurrent is :423\r\ncurrent is :424\r\ncurrent is :425\r\ncurrent is :426\r\ncurrent is :427\r\ncurrent is :428\r\ncurrent is :429\r\ncurrent is :430\r\ncurrent is :431\r\ncurrent is :432\r\ncurrent is :433\r\ncurrent is :434\r\ncurrent is :435\r\ncurrent is :436\r\ncurrent is :437\r\ncurrent is :438\r\ncurrent is :439\r\ncurrent is :440\r\ncurrent is :441\r\ncurrent is :442\r\ncurrent is :443\r\ncurrent is :444\r\ncurrent is :445\r\ncurrent is :446\r\ncurrent is :447\r\ncurrent is :448\r\ncurrent is :449\r\ncurrent is :450\r\ncurrent is :451\r\ncurrent is :452\r\ncurrent is :453\r\ncurrent is :454\r\ncurrent is :455\r\ncurrent is :456\r\ncurrent is :457\r\ncurrent is :458\r\ncurrent is :459\r\ncurrent is :460\r\ncurrent is :461\r\ncurrent is :462\r\ncurrent is :463\r\ncurrent is :464\r\ncurrent is :465\r\ncurrent is :466\r\ncurrent is :467\r\ncurrent is :468\r\ncurrent is :469\r\ncurrent is :470\r\ncurrent is :471\r\ncurrent is :472\r\ncurrent is :473\r\ncurrent is :474\r\ncurrent is :475\r\ncurrent is :476\r\ncurrent is :477\r\ncurrent is :478\r\ncurrent is :479\r\ncurrent is :480\r\ncurrent is :481\r\ncurrent is :482\r\ncurrent is :483\r\ncurrent is :484\r\ncurrent is :485\r\ncurrent is :486\r\ncurrent is :487\r\ncurrent is :488\r\ncurrent is :489\r\ncurrent is :490\r\ncurrent is :491\r\ncurrent is :492\r\ncurrent is :493\r\ncurrent is :494\r\ncurrent is :495\r\ncurrent is :496\r\ncurrent is :497\r\ncurrent is :498\r\ncurrent is :499\r\ncurrent is :500\r\ncurrent is :501\r\ncurrent is :502\r\ncurrent is :503\r\ncurrent is :504\r\ncurrent is :505\r\ncurrent is :506\r\ncurrent is :507\r\ncurrent is :508\r\ncurrent is :509\r\ncurrent is :510\r\ncurrent is :511\r\ncurrent is :512\r\ncurrent is :513\r\ncurrent is :514\r\ncurrent is :515\r\ncurrent is :516\r\ncurrent is :517\r\ncurrent is :518\r\ncurrent is :519\r\ncurrent is :520\r\ncurrent is :521\r\ncurrent is :522\r\ncurrent is :523\r\ncurrent is :524\r\ncurrent is :525\r\ncurrent is :526\r\ncurrent is :527\r\ncurrent is :528\r\ncurrent is :529\r\ncurrent is :530\r\ncurrent is :531\r\ncurrent is :532\r\ncurrent is :533\r\ncurrent is :534\r\ncurrent is :535\r\ncurrent is :536\r\ncurrent is :537\r\ncurrent is :538\r\ncurrent is :539\r\ncurrent is :540\r\ncurrent is :541\r\ncurrent is :542\r\ncurrent is :543\r\ncurrent is :544\r\ncurrent is :545\r\ncurrent is :546\r\ncurrent is :547\r\ncurrent is :548\r\ncurrent is :549\r\ncurrent is :550\r\ncurrent is :551\r\ncurrent is :552\r\ncurrent is :553\r\ncurrent is :554\r\ncurrent is :555\r\ncurrent is :556\r\ncurrent is :557\r\ncurrent is :558\r\ncurrent is :559\r\ncurrent is :560\r\ncurrent is :561\r\ncurrent is :562\r\ncurrent is :563\r\ncurrent is :564\r\ncurrent is :565\r\ncurrent is :566\r\ncurrent is :567\r\ncurrent is :568\r\ncurrent is :569\r\ncurrent is :570\r\ncurrent is :571\r\ncurrent is :572\r\ncurrent is :573\r\ncurrent is :574\r\ncurrent is :575\r\ncurrent is :576\r\ncurrent is :577\r\ncurrent is :578\r\ncurrent is :579\r\ncurrent is :580\r\ncurrent is :581\r\ncurrent is :582\r\ncurrent is :583\r\ncurrent is :584\r\ncurrent is :585\r\ncurrent is :586\r\ncurrent is :587\r\ncurrent is :588\r\ncurrent is :589\r\ncurrent is :590\r\ncurrent is :591\r\ncurrent is :592\r\ncurrent is :593\r\ncurrent is :594\r\ncurrent is :595\r\ncurrent is :596\r\ncurrent is :597\r\ncurrent is :598\r\ncurrent is :599\r\ncurrent is :600\r\ncurrent is :601\r\ncurrent is :602\r\ncurrent is :603\r\ncurrent is :604\r\ncurrent is :605\r\ncurrent is :606\r\ncurrent is :607\r\ncurrent is :608\r\ncurrent is :609\r\ncurrent is :610\r\ncurrent is :611\r\ncurrent is :612\r\ncurrent is :613\r\ncurrent is :614\r\ncurrent is :615\r\ncurrent is :616\r\ncurrent is :617\r\ncurrent is :618\r\ncurrent is :619\r\ncurrent is :620\r\ncurrent is :621\r\ncurrent is :622\r\ncurrent is :623\r\ncurrent is :624\r\ncurrent is :625\r\ncurrent is :626\r\ncurrent is :627\r\ncurrent is :628\r\ncurrent is :629\r\ncurrent is :630\r\ncurrent is :631\r\ncurrent is :632\r\ncurrent is :633\r\ncurrent is :634\r\ncurrent is :635\r\ncurrent is :636\r\ncurrent is :637\r\ncurrent is :638\r\ncurrent is :639\r\ncurrent is :640\r\ncurrent is :641\r\ncurrent is :642\r\ncurrent is :643\r\ncurrent is :644\r\ncurrent is :645\r\ncurrent is :646\r\ncurrent is :647\r\ncurrent is :648\r\ncurrent is :649\r\ncurrent is :650\r\ncurrent is :651\r\ncurrent is :652\r\ncurrent is :653\r\ncurrent is :654\r\ncurrent is :655\r\ncurrent is :656\r\ncurrent is :657\r\ncurrent is :658\r\ncurrent is :659\r\ncurrent is :660\r\ncurrent is :661\r\ncurrent is :662\r\ncurrent is :663\r\ncurrent is :664\r\ncurrent is :665\r\ncurrent is :666\r\ncurrent is :667\r\ncurrent is :668\r\ncurrent is :669\r\ncurrent is :670\r\ncurrent is :671\r\ncurrent is :672\r\ncurrent is :673\r\ncurrent is :674\r\ncurrent is :675\r\ncurrent is :676\r\ncurrent is :677\r\ncurrent is :678\r\ncurrent is :679\r\ncurrent is :680\r\ncurrent is :681\r\ncurrent is :682\r\ncurrent is :683\r\ncurrent is :684\r\ncurrent is :685\r\ncurrent is :686\r\ncurrent is :687\r\ncurrent is :688\r\ncurrent is :689\r\ncurrent is :690\r\ncurrent is :691\r\ncurrent is :692\r\ncurrent is :693\r\ncurrent is :694\r\ncurrent is :695\r\ncurrent is :696\r\ncurrent is :697\r\ncurrent is :698\r\ncurrent is :699\r\ncurrent is :700\r\ncurrent is :701\r\ncurrent is :702\r\ncurrent is :703\r\ncurrent is :704\r\ncurrent is :705\r\ncurrent is :706\r\ncurrent is :707\r\ncurrent is :708\r\ncurrent is :709\r\ncurrent is :710\r\ncurrent is :711\r\ncurrent is :712\r\ncurrent is :713\r\ncurrent is :714\r\ncurrent is :715\r\ncurrent is :716\r\ncurrent is :717\r\ncurrent is :718\r\ncurrent is :719\r\ncurrent is :720\r\ncurrent is :721\r\ncurrent is :722\r\ncurrent is :723\r\ncurrent is :724\r\ncurrent is :725\r\ncurrent is :726\r\ncurrent is :727\r\ncurrent is :728\r\ncurrent is :729\r\ncurrent is :730\r\ncurrent is :731\r\ncurrent is :732\r\ncurrent is :733\r\ncurrent is :734\r\ncurrent is :735\r\ncurrent is :736\r\ncurrent is :737\r\ncurrent is :738\r\ncurrent is :739\r\ncurrent is :740\r\ncurrent is :741\r\ncurrent is :742\r\ncurrent is :743\r\ncurrent is :744\r\ncurrent is :745\r\ncurrent is :746\r\ncurrent is :747\r\ncurrent is :748\r\ncurrent is :749\r\ncurrent is :750\r\ncurrent is :751\r\ncurrent is :752\r\ncurrent is :753\r\ncurrent is :754\r\ncurrent is :755\r\ncurrent is :756\r\ncurrent is :757\r\ncurrent is :758\r\ncurrent is :759\r\ncurrent is :760\r\ncurrent is :761\r\ncurrent is :762\r\ncurrent is :763\r\ncurrent is :764\r\ncurrent is :765\r\ncurrent is :766\r\ncurrent is :767\r\ncurrent is :768\r\ncurrent is :769\r\ncurrent is :770\r\ncurrent is :771\r\ncurrent is :772\r\ncurrent is :773\r\ncurrent is :774\r\ncurrent is :775\r\ncurrent is :776\r\ncurrent is :777\r\ncurrent is :778\r\ncurrent is :779\r\ncurrent is :780\r\ncurrent is :781\r\ncurrent is :782\r\ncurrent is :783\r\ncurrent is :784\r\ncurrent is :785\r\ncurrent is :786\r\ncurrent is :787\r\ncurrent is :788\r\ncurrent is :789\r\ncurrent is :790\r\ncurrent is :791\r\ncurrent is :792\r\ncurrent is :793\r\ncurrent is :794\r\ncurrent is :795\r\ncurrent is :796\r\ncurrent is :797\r\ncurrent is :798\r\ncurrent is :799\r\ncurrent is :800\r\ncurrent is :801\r\ncurrent is :802\r\ncurrent is :803\r\ncurrent is :804\r\ncurrent is :805\r\ncurrent is :806\r\ncurrent is :807\r\ncurrent is :808\r\ncurrent is :809\r\ncurrent is :810\r\ncurrent is :811\r\ncurrent is :812\r\ncurrent is :813\r\ncurrent is :814\r\ncurrent is :815\r\ncurrent is :816\r\ncurrent is :817\r\ncurrent is :818\r\ncurrent is :819\r\ncurrent is :820\r\ncurrent is :821\r\ncurrent is :822\r\ncurrent is :823\r\ncurrent is :824\r\ncurrent is :825\r\ncurrent is :826\r\ncurrent is :827\r\ncurrent is :828\r\ncurrent is :829\r\ncurrent is :830\r\ncurrent is :831\r\ncurrent is :832\r\ncurrent is :833\r\ncurrent is :834\r\ncurrent is :835\r\ncurrent is :836\r\ncurrent is :837\r\ncurrent is :838\r\ncurrent is :839\r\ncurrent is :840\r\ncurrent is :841\r\ncurrent is :842\r\ncurrent is :843\r\ncurrent is :844\r\ncurrent is :845\r\ncurrent is :846\r\ncurrent is :847\r\ncurrent is :848\r\ncurrent is :849\r\ncurrent is :850\r\ncurrent is :851\r\ncurrent is :852\r\ncurrent is :853\r\ncurrent is :854\r\ncurrent is :855\r\ncurrent is :856\r\ncurrent is :857\r\ncurrent is :858\r\ncurrent is :859\r\ncurrent is :860\r\ncurrent is :861\r\ncurrent is :862\r\ncurrent is :863\r\ncurrent is :864\r\ncurrent is :865\r\ncurrent is :866\r\ncurrent is :867\r\ncurrent is :868\r\ncurrent is :869\r\ncurrent is :870\r\ncurrent is :871\r\ncurrent is :872\r\ncurrent is :873\r\ncurrent is :874\r\ncurrent is :875\r\ncurrent is :876\r\ncurrent is :877\r\ncurrent is :878\r\ncurrent is :879\r\ncurrent is :880\r\ncurrent is :881\r\ncurrent is :882\r\ncurrent is :883\r\ncurrent is :884\r\ncurrent is :885\r\ncurrent is :886\r\ncurrent is :887\r\ncurrent is :888\r\ncurrent is :889\r\ncurrent is :890\r\ncurrent is :891\r\ncurrent is :892\r\ncurrent is :893\r\ncurrent is :894\r\ncurrent is :895\r\ncurrent is :896\r\ncurrent is :897\r\ncurrent is :898\r\ncurrent is :899\r\ncurrent is :900\r\ncurrent is :901\r\ncurrent is :902\r\ncurrent is :903\r\ncurrent is :904\r\ncurrent is :905\r\ncurrent is :906\r\ncurrent is :907\r\ncurrent is :908\r\ncurrent is :909\r\ncurrent is :910\r\ncurrent is :911\r\ncurrent is :912\r\ncurrent is :913\r\ncurrent is :914\r\ncurrent is :915\r\ncurrent is :916\r\ncurrent is :917\r\ncurrent is :918\r\ncurrent is :919\r\ncurrent is :920\r\ncurrent is :921\r\ncurrent is :922\r\ncurrent is :923\r\ncurrent is :924\r\ncurrent is :925\r\ncurrent is :926\r\ncurrent is :927\r\ncurrent is :928\r\ncurrent is :929\r\ncurrent is :930\r\ncurrent is :931\r\ncurrent is :932\r\ncurrent is :933\r\ncurrent is :934\r\ncurrent is :935\r\ncurrent is :936\r\ncurrent is :937\r\ncurrent is :938\r\ncurrent is :939\r\ncurrent is :940\r\ncurrent is :941\r\ncurrent is :942\r\ncurrent is :943\r\ncurrent is :944\r\ncurrent is :945\r\ncurrent is :946\r\ncurrent is :947\r\ncurrent is :948\r\ncurrent is :949\r\ncurrent is :950\r\ncurrent is :951\r\ncurrent is :952\r\ncurrent is :953\r\ncurrent is :954\r\ncurrent is :955\r\ncurrent is :956\r\ncurrent is :957\r\ncurrent is :958\r\ncurrent is :959\r\ncurrent is :960\r\ncurrent is :961\r\ncurrent is :962\r\ncurrent is :963\r\ncurrent is :964\r\ncurrent is :965\r\ncurrent is :966\r\ncurrent is :967\r\ncurrent is :968\r\ncurrent is :969\r\ncurrent is :970\r\ncurrent is :971\r\ncurrent is :972\r\ncurrent is :973\r\ncurrent is :974\r\ncurrent is :975\r\ncurrent is :976\r\ncurrent is :977\r\ncurrent is :978\r\ncurrent is :979\r\ncurrent is :980\r\ncurrent is :981\r\ncurrent is :982\r\ncurrent is :983\r\ncurrent is :984\r\ncurrent is :985\r\ncurrent is :986\r\ncurrent is :987\r\ncurrent is :988\r\ncurrent is :989\r\ncurrent is :990\r\ncurrent is :991\r\ncurrent is :992\r\ncurrent is :993\r\ncurrent is :994\r\ncurrent is :995\r\ncurrent is :996\r\ncurrent is :997\r\ncurrent is :998\r\ncurrent is :999\r\n'
INFO:root:b''
INFO:root:b'sleep start at : 2023-04-26T11:34:46.612\r\nsleep end at : 2023-04-26T11:34:46.633\r\n'
INFO:root:b'sleep start at : 2023-04-26T11:34:54.267\r\nsleep end at : 2023-04-26T11:34:54.398\r\n'
INFO:root:b'sleep start at : 2023-04-26T13:01:13.918\r\nsleep end at : 2023-04-26T13:01:14.05\r\n'
INFO:root:b'sleep start at : 2023-04-26T13:01:37.254\r\nsleep end at : 2023-04-26T13:01:49.576\r\n'
INFO:root:b'sleep start at : 2023-04-26T13:02:27.172\r\nsleep end at : 2023-04-26T13:02:27.182\r\n'
INFO:root:b'sleep start at : 2023-04-26T13:02:27.312\r\nsleep end at : 2023-04-26T13:02:27.334\r\n'
INFO:root:b'sleep start at : 2023-04-26T13:02:27.461\r\nsleep end at : 2023-04-26T13:02:27.482\r\n'
INFO:root:b'sleep start at : 2023-04-26T13:02:27.459\r\nsleep end at : 2023-04-26T13:02:27.481\r\n'
INFO:root:b'sleep start at : 2023-04-26T13:02:27.61\r\nsleep end at : 2023-04-26T13:02:27.633\r\n'
INFO:root:b'sleep start at : 2023-04-26T13:02:27.622\r\nsleep end at : 2023-04-26T13:02:27.645\r\n'
INFO:root:b'sleep start at : 2023-04-26T13:02:27.763\r\nsleep end at : 2023-04-26T13:02:27.784\r\n'
INFO:root:b'sleep start at : 2023-04-26T13:02:27.777\r\nsleep end at : 2023-04-26T13:02:27.798\r\n'
INFO:root:b'sleep start at : 2023-04-26T13:02:27.939\r\nsleep end at : 2023-04-26T13:02:27.961\r\n'
INFO:root:b'sleep start at : 2023-04-26T13:02:28.094\r\nsleep end at : 2023-04-26T13:02:28.116\r\n'
INFO:root:b'sleep start at : 2023-04-26T13:02:28.246\r\nsleep end at : 2023-04-26T13:02:28.27\r\n'
INFO:root:b'sleep start at : 2023-04-26T13:04:04.534\r\nsleep end at : 2023-04-26T13:04:04.543\r\n'
INFO:root:b'sleep start at : 2023-04-26T13:04:04.669\r\nsleep end at : 2023-04-26T13:04:04.691\r\n'
INFO:root:b'sleep start at : 2023-04-26T13:04:04.817\r\nsleep end at : 2023-04-26T13:04:04.837\r\n'
INFO:root:b'sleep start at : 2023-04-26T13:04:04.817\r\nsleep end at : 2023-04-26T13:04:04.837\r\n'
INFO:root:b'sleep start at : 2023-04-26T13:04:04.971\r\nsleep end at : 2023-04-26T13:04:04.993\r\n'
INFO:root:b'sleep start at : 2023-04-26T13:04:04.971\r\nsleep end at : 2023-04-26T13:04:04.993\r\n'
INFO:root:b'sleep start at : 2023-04-26T13:04:04.971\r\nsleep end at : 2023-04-26T13:04:04.993\r\n'
INFO:root:b'sleep start at : 2023-04-26T13:04:05.124\r\nsleep end at : 2023-04-26T13:04:05.145\r\n'
INFO:root:b'sleep start at : 2023-04-26T13:04:05.124\r\nsleep end at : 2023-04-26T13:04:05.146\r\n'
INFO:root:b'sleep start at : 2023-04-26T13:04:05.273\r\nsleep end at : 2023-04-26T13:04:05.293\r\n'
INFO:root:b'sleep start at : 2023-04-26T13:04:05.418\r\nsleep end at : 2023-04-26T13:04:05.439\r\n'
INFO:root:b'sleep start at : 2023-04-26T13:05:21.588\r\nsleep end at : 2023-04-26T13:05:33.898\r\n'
INFO:root:b'sleep start at : 2023-04-26T13:08:06.996\r\nsleep :2\r\nsleep end at : 2023-04-26T13:08:07.007\r\n'
INFO:root:b'sleep start at : 2023-04-26T13:08:07.141\r\nsleep :12\r\nsleep end at : 2023-04-26T13:08:07.161\r\n'
INFO:root:b'sleep start at : 2023-04-26T13:08:07.289\r\nsleep :12\r\nsleep end at : 2023-04-26T13:08:07.31\r\n'
INFO:root:b'sleep start at : 2023-04-26T13:08:07.289\r\nsleep :12\r\nsleep end at : 2023-04-26T13:08:07.31\r\n'
INFO:root:b'sleep start at : 2023-04-26T13:08:07.451\r\nsleep :12\r\nsleep end at : 2023-04-26T13:08:07.473\r\n'
INFO:root:b'sleep start at : 2023-04-26T13:08:07.451\r\nsleep :12\r\nsleep end at : 2023-04-26T13:08:07.473\r\n'
INFO:root:b'sleep start at : 2023-04-26T13:08:07.6\r\nsleep :12\r\nsleep end at : 2023-04-26T13:08:07.62\r\n'
INFO:root:b'sleep start at : 2023-04-26T13:08:07.743\r\nsleep :12\r\nsleep end at : 2023-04-26T13:08:07.763\r\n'
INFO:root:b'sleep start at : 2023-04-26T13:08:07.889\r\nsleep :12\r\nsleep end at : 2023-04-26T13:08:07.911\r\n'
INFO:root:b'sleep start at : 2023-04-26T13:08:07.892\r\nsleep :12\r\nsleep end at : 2023-04-26T13:08:07.914\r\n'
INFO:root:b'sleep start at : 2023-04-26T13:08:08.038\r\nsleep :12\r\nsleep end at : 2023-04-26T13:08:08.06\r\n'
INFO:root:b'sleep start at : 2023-04-26T13:10:13.249\r\nsleep :2000\r\nsleep end at : 2023-04-26T13:10:15.257\r\n'
INFO:root:b'sleep start at : 2023-04-26T13:10:15.382\r\nsleep :2000\r\nsleep end at : 2023-04-26T13:10:17.394\r\n'
INFO:root:b'sleep start at : 2023-04-26T13:10:17.523\r\nsleep :2000\r\nsleep end at : 2023-04-26T13:10:19.54\r\n'
INFO:root:b'sleep start at : 2023-04-26T13:10:17.519\r\nsleep :2000\r\nsleep end at : 2023-04-26T13:10:19.54\r\n'
INFO:root:b'sleep start at : 2023-04-26T13:10:19.665\r\nsleep :2000\r\nsleep end at : 2023-04-26T13:10:21.686\r\n'
INFO:root:b'sleep start at : 2023-04-26T13:10:19.665\r\nsleep :2000\r\nsleep end at : 2023-04-26T13:10:21.686\r\n'
INFO:root:b'sleep start at : 2023-04-26T13:10:21.808\r\nsleep :2000\r\nsleep end at : 2023-04-26T13:10:23.83\r\n'
INFO:root:b'sleep start at : 2023-04-26T13:10:23.95\r\nsleep :2000\r\nsleep end at : 2023-04-26T13:10:25.963\r\n'
INFO:root:b'sleep start at : 2023-04-26T13:10:26.097\r\nsleep :2000\r\nsleep end at : 2023-04-26T13:10:28.118\r\n'
INFO:root:b'sleep start at : 2023-04-26T13:10:28.239\r\nsleep :2000\r\nsleep end at : 2023-04-26T13:10:30.251\r\n'
INFO:root:b'sleep start at : 2023-04-26T13:10:30.38\r\nsleep :2000\r\nsleep end at : 2023-04-26T13:10:32.4\r\n'
INFO:root:b'sleep start at : 2023-04-26T13:11:29.593\r\nsleep :2000\r\nsleep end at : 2023-04-26T13:11:31.612\r\n'
INFO:root:b'sleep start at : 2023-04-26T13:11:31.747\r\nsleep :2000\r\nsleep end at : 2023-04-26T13:11:33.763\r\n'
INFO:root:b'sleep start at : 2023-04-26T13:11:33.89\r\nsleep :2000\r\nsleep end at : 2023-04-26T13:11:35.903\r\n'
INFO:root:b'sleep start at : 2023-04-26T13:11:33.891\r\nsleep :2000\r\nsleep end at : 2023-04-26T13:11:35.903\r\n'
INFO:root:b'sleep start at : 2023-04-26T13:11:36.043\r\nsleep :2000\r\nsleep end at : 2023-04-26T13:11:38.054\r\n'
INFO:root:b'sleep start at : 2023-04-26T13:11:36.043\r\nsleep :2000\r\nsleep end at : 2023-04-26T13:11:38.054\r\n'
INFO:root:b'sleep start at : 2023-04-26T13:11:38.173\r\nsleep :2000\r\nsleep end at : 2023-04-26T13:11:40.19\r\n'
INFO:root:b'sleep start at : 2023-04-26T13:11:40.312\r\nsleep :2000\r\nsleep end at : 2023-04-26T13:11:42.327\r\n'
INFO:root:b'sleep start at : 2023-04-26T13:11:42.464\r\nsleep :2000\r\nsleep end at : 2023-04-26T13:11:44.478\r\n'
INFO:root:b'sleep start at : 2023-04-26T13:11:42.462\r\nsleep :2000\r\nsleep end at : 2023-04-26T13:11:44.478\r\n'
INFO:root:b'sleep start at : 2023-04-26T13:11:44.612\r\nsleep :2000\r\nsleep end at : 2023-04-26T13:11:46.627\r\n'
INFO:root:b'sleep start at : 2023-04-26T13:12:49.264\r\nsleep :2000\r\nsleep end at : 2023-04-26T13:12:51.279\r\n'
INFO:root:b'sleep start at : 2023-04-26T13:12:51.403\r\nsleep :2000\r\nsleep end at : 2023-04-26T13:12:53.415\r\n'
INFO:root:b'sleep start at : 2023-04-26T13:12:53.55\r\nsleep :2000\r\nsleep end at : 2023-04-26T13:12:55.561\r\n'
INFO:root:b'sleep start at : 2023-04-26T13:12:53.55\r\nsleep :2000\r\nsleep end at : 2023-04-26T13:12:55.561\r\n'
INFO:root:b'sleep start at : 2023-04-26T13:12:55.694\r\nsleep :2000\r\nsleep end at : 2023-04-26T13:12:57.714\r\n'
INFO:root:b'sleep start at : 2023-04-26T13:12:55.695\r\nsleep :2000\r\nsleep end at : 2023-04-26T13:12:57.714\r\n'
INFO:root:b'sleep start at : 2023-04-26T13:12:57.855\r\nsleep :2000\r\nsleep end at : 2023-04-26T13:12:59.877\r\n'
INFO:root:b'sleep start at : 2023-04-26T13:12:57.855\r\nsleep :2000\r\nsleep end at : 2023-04-26T13:12:59.877\r\n'
INFO:root:b'sleep start at : 2023-04-26T13:12:57.853\r\nsleep :2000\r\nsleep end at : 2023-04-26T13:12:59.877\r\n'
INFO:root:b'sleep start at : 2023-04-26T13:13:00.01\r\nsleep :2000\r\nsleep end at : 2023-04-26T13:13:02.028\r\n'
INFO:root:b'sleep start at : 2023-04-26T13:13:00.009\r\nsleep :2000\r\nsleep end at : 2023-04-26T13:13:02.028\r\n'
INFO:root:b'sleep start at : 2023-04-26T13:13:02.162\r\nsleep :2000\r\nsleep end at : 2023-04-26T13:13:04.181\r\n'
INFO:root:b'sleep start at : 2023-04-26T13:16:43.398\r\nsleep :2000\r\nsleep end at : 2023-04-26T13:16:45.416\r\n'
INFO:root:b'sleep start at : 2023-04-26T13:16:45.539\r\nsleep :2000\r\nsleep end at : 2023-04-26T13:16:47.56\r\n'
INFO:root:b'sleep start at : 2023-04-26T13:16:47.685\r\nsleep :2000\r\nsleep end at : 2023-04-26T13:16:49.696\r\n'
INFO:root:b'sleep start at : 2023-04-26T13:16:47.685\r\nsleep :2000\r\nsleep end at : 2023-04-26T13:16:49.696\r\n'
INFO:root:b'sleep start at : 2023-04-26T13:16:49.829\r\nsleep :2000\r\nsleep end at : 2023-04-26T13:16:51.839\r\n'
INFO:root:b'sleep start at : 2023-04-26T13:16:49.823\r\nsleep :2000\r\nsleep end at : 2023-04-26T13:16:51.839\r\n'
INFO:root:b'sleep start at : 2023-04-26T13:16:51.977\r\nsleep :2000\r\nsleep end at : 2023-04-26T13:16:53.995\r\n'
INFO:root:b'sleep start at : 2023-04-26T13:16:54.116\r\nsleep :2000\r\nsleep end at : 2023-04-26T13:16:56.139\r\n'
INFO:root:b'sleep start at : 2023-04-26T13:16:56.264\r\nsleep :2000\r\nsleep end at : 2023-04-26T13:16:58.273\r\n'
INFO:root:b'sleep start at : 2023-04-26T13:16:58.405\r\nsleep :2000\r\nsleep end at : 2023-04-26T13:17:00.424\r\n'
INFO:root:b'sleep start at : 2023-04-26T13:16:58.405\r\nsleep :2000\r\nsleep end at : 2023-04-26T13:17:00.424\r\n'
INFO:root:b'sleep start at : 2023-04-26T13:17:00.544\r\nsleep :2000\r\nsleep end at : 2023-04-26T13:17:02.56\r\n'
INFO:root:b'sleep start at : 2023-04-26T13:30:57.815\r\nsleep :2000\r\nsleep end at : 2023-04-26T13:30:59.826\r\n'
INFO:root:b'sleep start at : 2023-04-26T13:30:59.948\r\nsleep :2000\r\nsleep end at : 2023-04-26T13:31:01.962\r\n'
INFO:root:b'sleep start at : 2023-04-26T13:31:02.09\r\nsleep :2000\r\nsleep end at : 2023-04-26T13:31:04.099\r\n'
INFO:root:b'sleep start at : 2023-04-26T13:31:02.088\r\nsleep :2000\r\nsleep end at : 2023-04-26T13:31:04.099\r\n'
INFO:root:b'sleep start at : 2023-04-26T13:31:04.225\r\nsleep :2000\r\nsleep end at : 2023-04-26T13:31:06.236\r\n'
INFO:root:b'sleep start at : 2023-04-26T13:31:04.227\r\nsleep :2000\r\nsleep end at : 2023-04-26T13:31:06.236\r\n'
INFO:root:b'sleep start at : 2023-04-26T13:31:06.357\r\nsleep :2000\r\nsleep end at : 2023-04-26T13:31:08.368\r\n'
INFO:root:b'sleep start at : 2023-04-26T13:31:08.508\r\nsleep :2000\r\nsleep end at : 2023-04-26T13:31:10.517\r\n'
INFO:root:b'sleep start at : 2023-04-26T13:31:10.641\r\nsleep :2000\r\nsleep end at : 2023-04-26T13:31:12.663\r\n'
INFO:root:b'sleep start at : 2023-04-26T13:31:10.641\r\nsleep :2000\r\nsleep end at : 2023-04-26T13:31:12.663\r\n'
INFO:root:b'sleep start at : 2023-04-26T13:31:12.782\r\nsleep :2000\r\nsleep end at : 2023-04-26T13:31:14.8\r\n'
INFO:root:b'sleep start at : 2023-04-26T13:31:14.917\r\nsleep :2000\r\nsleep end at : 2023-04-26T13:31:16.94\r\n'
INFO:root:b'sleep start at : 2023-04-26T13:34:29.371\r\nsleep :2000\r\nsleep end at : 2023-04-26T13:34:31.394\r\n'
INFO:root:b'sleep start at : 2023-04-26T13:34:31.525\r\nsleep :2000\r\nsleep end at : 2023-04-26T13:34:33.536\r\n'
INFO:root:b'sleep start at : 2023-04-26T13:34:33.664\r\nsleep :2000\r\nsleep end at : 2023-04-26T13:34:35.676\r\n'
INFO:root:b'sleep start at : 2023-04-26T13:34:33.674\r\nsleep :2000\r\nsleep end at : 2023-04-26T13:34:35.692\r\n'
INFO:root:b'sleep start at : 2023-04-26T13:34:35.819\r\nsleep :2000\r\nsleep end at : 2023-04-26T13:34:37.83\r\n'
INFO:root:b'sleep start at : 2023-04-26T13:34:35.822\r\nsleep :2000\r\nsleep end at : 2023-04-26T13:34:37.846\r\n'
INFO:root:b'sleep start at : 2023-04-26T13:34:37.971\r\nsleep :2000\r\nsleep end at : 2023-04-26T13:34:39.986\r\n'
INFO:root:b'sleep start at : 2023-04-26T13:34:40.111\r\nsleep :2000\r\nsleep end at : 2023-04-26T13:34:42.123\r\n'
INFO:root:b'sleep start at : 2023-04-26T13:34:42.251\r\nsleep :2000\r\nsleep end at : 2023-04-26T13:34:44.274\r\n'
INFO:root:b'sleep start at : 2023-04-26T13:34:42.252\r\nsleep :2000\r\nsleep end at : 2023-04-26T13:34:44.274\r\n'
INFO:root:b'sleep start at : 2023-04-26T13:34:44.395\r\nsleep :2000\r\nsleep end at : 2023-04-26T13:34:46.41\r\n'
INFO:root:b'sleep start at : 2023-04-26T13:34:46.531\r\nsleep :2000\r\nsleep end at : 2023-04-26T13:34:48.552\r\n'
INFO:root:b'sleep start at : 2023-05-10T11:02:32.964\r\nsleep :2000\r\nsleep end at : 2023-05-10T11:02:34.989\r\n'
INFO:root:b'sleep start at : 2023-05-10T11:02:35.237\r\nsleep :2000\r\nsleep end at : 2023-05-10T11:02:37.247\r\n'
INFO:root:b'sleep start at : 2023-05-10T11:02:37.454\r\nsleep :2000\r\nsleep end at : 2023-05-10T11:02:39.464\r\n'
INFO:root:b'sleep start at : 2023-05-10T11:02:37.468\r\nsleep :2000\r\nsleep end at : 2023-05-10T11:02:39.479\r\n'
INFO:root:b'sleep start at : 2023-05-10T11:02:39.656\r\nsleep :2000\r\nsleep end at : 2023-05-10T11:02:41.673\r\n'
INFO:root:b'sleep start at : 2023-05-10T11:02:39.652\r\nsleep :2000\r\nsleep end at : 2023-05-10T11:02:41.673\r\n'
INFO:root:b'sleep start at : 2023-05-10T11:02:39.665\r\nsleep :2000\r\nsleep end at : 2023-05-10T11:02:41.688\r\n'
INFO:root:b'sleep start at : 2023-05-10T11:02:41.848\r\nsleep :2000\r\nsleep end at : 2023-05-10T11:02:43.862\r\n'
INFO:root:b'sleep start at : 2023-05-10T11:02:44.031\r\nsleep :2000\r\nsleep end at : 2023-05-10T11:02:46.052\r\n'
INFO:root:b'sleep start at : 2023-05-10T11:02:44.044\r\nsleep :2000\r\nsleep end at : 2023-05-10T11:02:46.068\r\n'
INFO:root:b'sleep start at : 2023-05-10T11:02:46.262\r\nsleep :2000\r\nsleep end at : 2023-05-10T11:02:48.278\r\n'
INFO:root:b''
INFO:root:b''
INFO:root:b''
INFO:root:b''
INFO:root:b''
INFO:root:b''
INFO:root:b''
INFO:root:b''
INFO:root:b''
INFO:root:b''
INFO:root:b''
INFO:root:b''
INFO:root:b''
INFO:root:b''
INFO:root:b''
INFO:root:b''
INFO:root:b''
INFO:root:b''
INFO:root:b''
INFO:root:b''
INFO:root:b''
INFO:root:b''
INFO:root:b''
INFO:root:b''
INFO:root:b''
INFO:root:b''
INFO:root:b''
INFO:root:b''
INFO:root:b''
INFO:root:b''
INFO:root:b''
INFO:root:b''
INFO:root:b''
INFO:root:b''
INFO:root:b''
INFO:root:b''
INFO:root:b''
INFO:root:b''
INFO:root:b''
INFO:root:b''
INFO:root:b''
INFO:root:b''
INFO:root:b''
INFO:root:b''
INFO:root:b''
INFO:root:b''
INFO:root:b''
INFO:root:b''
INFO:root:b''
INFO:root:b''
INFO:root:b''
INFO:root:b''
INFO:root:b''
INFO:root:b''
INFO:root:b''
INFO:root:b''
INFO:root:b''
INFO:root:b''
INFO:root:b''
INFO:root:b''
INFO:root:b''
INFO:root:b''
INFO:root:b''
INFO:root:b''
INFO:root:b''
INFO:root:b''
INFO:root:b''
INFO:root:b''
INFO:root:b''
INFO:root:b''
INFO:root:b''
INFO:root:b''
INFO:root:b''
INFO:root:b''
INFO:root:b''
INFO:root:b''
INFO:root:b''
INFO:root:b''
INFO:root:b''
INFO:root:b''
INFO:root:b''
INFO:root:b''
INFO:root:b''
INFO:root:b''
INFO:root:b''
INFO:root:b''
INFO:root:b''
INFO:root:b''
INFO:root:b''
INFO:root:b''
INFO:root:b''
INFO:root:b''
INFO:root:b''
INFO:root:b''
INFO:root:b''
INFO:root:b''
